<?xml version="1.0" encoding="UTF-8"?>
<testng-results ignored="0" total="1" passed="1" failed="0" skipped="0">
  <reporter-output>
  </reporter-output>
  <suite started-at="2024-10-26T17:26:13 IST" name="Default suite" finished-at="2024-10-26T17:26:19 IST" duration-ms="5592">
    <groups>
    </groups>
    <test started-at="2024-10-26T17:26:13 IST" name="Default test" finished-at="2024-10-26T17:26:19 IST" duration-ms="5592">
      <class name="Selenium.SeleniumAmazondemo.AppTest">
        <test-method is-config="true" signature="openurl()[pri:0, instance:Selenium.SeleniumAmazondemo.AppTest@74d1dc36]" started-at="2024-10-26T17:26:13 IST" name="openurl" finished-at="2024-10-26T17:26:18 IST" duration-ms="5157" status="PASS">
          <reporter-output>
          </reporter-output>
        </test-method> <!-- openurl -->
        <test-method signature="selectdress()[pri:1, instance:Selenium.SeleniumAmazondemo.AppTest@74d1dc36]" started-at="2024-10-26T17:26:18 IST" name="selectdress" finished-at="2024-10-26T17:26:18 IST" duration-ms="99" status="PASS">
          <reporter-output>
          </reporter-output>
        </test-method> <!-- selectdress -->
        <test-method is-config="true" signature="afterclass()[pri:0, instance:Selenium.SeleniumAmazondemo.AppTest@74d1dc36]" started-at="2024-10-26T17:26:18 IST" name="afterclass" finished-at="2024-10-26T17:26:19 IST" duration-ms="248" status="PASS">
          <reporter-output>
          </reporter-output>
        </test-method> <!-- afterclass -->
      </class> <!-- Selenium.SeleniumAmazondemo.AppTest -->
    </test> <!-- Default test -->
  </suite> <!-- Default suite -->
</testng-results>
